<?xml version="1.0" encoding="UTF-8"?>
<testsuite name="edu.postech.csed332.homework5.BoardTest" tests="3" skipped="0" failures="0" errors="0" timestamp="2019-11-09T06:54:32" hostname="iseungjun-ui-MacBook-Pro.local" time="0.045">
  <properties/>
  <testcase name="testBoardConstruction()" classname="edu.postech.csed332.homework5.BoardTest" time="0.037"/>
  <testcase name="testCellDisabled()" classname="edu.postech.csed332.homework5.BoardTest" time="0.003"/>
  <testcase name="testCellConstruction()" classname="edu.postech.csed332.homework5.BoardTest" time="0.002"/>
  <system-out><![CDATA[]]></system-out>
  <system-err><![CDATA[]]></system-err>
</testsuite>
